<?xml version="1.0" encoding="UTF-8"?>
<testsuite xmlns:xsi="http://www.w3.org/2001/XMLSchema-instance" xsi:noNamespaceSchemaLocation="https://maven.apache.org/surefire/maven-surefire-plugin/xsd/surefire-test-report-3.0.xsd" version="3.0" name="com.university.pbt.SortedListProperties" time="0.176" tests="4" errors="0" skipped="0" failures="0">
  <properties>
[...]
</properties>
  <testcase name="sizeMatchesInput" classname="com.university.pbt.SortedListProperties" time="0.036">
    <system-out><![CDATA[timestamp = 2026-05-04T11:52:19.727689300, SortedListProperties:sizeMatchesInput = 
                              |-----------------------jqwik-----------------------
tries = 1000                  | # of calls to property
checks = 1000                 | # of not rejected calls
generation = RANDOMIZED       | parameters are randomly generated
after-failure = SAMPLE_FIRST  | try previously failed sample, then previous seed
when-fixed-seed = ALLOW       | fixing the random seed is allowed
edge-cases#mode = MIXIN       | edge cases are mixed in
edge-cases#total = 10         | # of all combined edge cases
edge-cases#tried = 10         | # of edge cases tried in current run
seed = 8173527959578705682    | random seed to reproduce generated values


]]></system-out>
  </testcase>
  <testcase name="preservesAllElements" classname="com.university.pbt.SortedListProperties" time="0.075">
    <system-out><![CDATA[timestamp = 2026-05-04T11:52:19.802542500, SortedListProperties:preservesAllElements = 
                              |-----------------------jqwik-----------------------
tries = 1000                  | # of calls to property
checks = 1000                 | # of not rejected calls
generation = RANDOMIZED       | parameters are randomly generated
after-failure = SAMPLE_FIRST  | try previously failed sample, then previous seed
when-fixed-seed = ALLOW       | fixing the random seed is allowed
edge-cases#mode = MIXIN       | edge cases are mixed in
edge-cases#total = 10         | # of all combined edge cases
edge-cases#tried = 10         | # of edge cases tried in current run
seed = -5703143421783252618   | random seed to reproduce generated values


]]></system-out>
  </testcase>
  <testcase name="alwaysSorted" classname="com.university.pbt.SortedListProperties" time="0.035">
    <system-out><![CDATA[timestamp = 2026-05-04T11:52:19.837136500, SortedListProperties:alwaysSorted = 
                              |-----------------------jqwik-----------------------
tries = 1000                  | # of calls to property
checks = 1000                 | # of not rejected calls
generation = RANDOMIZED       | parameters are randomly generated
after-failure = SAMPLE_FIRST  | try previously failed sample, then previous seed
when-fixed-seed = ALLOW       | fixing the random seed is allowed
edge-cases#mode = MIXIN       | edge cases are mixed in
edge-cases#total = 10         | # of all combined edge cases
edge-cases#tried = 10         | # of edge cases tried in current run
seed = -3213165262589104249   | random seed to reproduce generated values


]]></system-out>
  </testcase>
  <testcase name="addingAlreadySortedGivesSameResult" classname="com.university.pbt.SortedListProperties" time="0.029">
    <system-out><![CDATA[timestamp = 2026-05-04T11:52:19.867138900, SortedListProperties:addingAlreadySortedGivesSameResult = 
                              |-----------------------jqwik-----------------------
tries = 1000                  | # of calls to property
checks = 1000                 | # of not rejected calls
generation = RANDOMIZED       | parameters are randomly generated
after-failure = SAMPLE_FIRST  | try previously failed sample, then previous seed
when-fixed-seed = ALLOW       | fixing the random seed is allowed
edge-cases#mode = MIXIN       | edge cases are mixed in
edge-cases#total = 10         | # of all combined edge cases
edge-cases#tried = 10         | # of edge cases tried in current run
seed = -6368900093504953286   | random seed to reproduce generated values


]]></system-out>
  </testcase>
</testsuite>